❌ Error generando reporte global: Error
    at Query.run (C:\Users\SHEILA\Downloads\FireSupport-IA\backend\backend\node_modules\sequelize\lib\dialects\mysql\query.js:52:25)
    at C:\Users\SHEILA\Downloads\FireSupport-IA\backend\backend\node_modules\sequelize\lib\sequelize.js:315:28
    at process.processTicksAndRejections (node:internal/process/task_queues:105:5)
    at async MySQLQueryInterface.rawSelect (C:\Users\SHEILA\Downloads\FireSupport-IA\backend\backend\node_modules\sequelize\lib\dialects\abstract\query-interface.js:434:18)
    at async Compania.aggregate (C:\Users\SHEILA\Downloads\FireSupport-IA\backend\backend\node_modules\sequelize\lib\model.js:1277:19)
    at async Compania.count (C:\Users\SHEILA\Downloads\FireSupport-IA\backend\backend\node_modules\sequelize\lib\model.js:1306:20)
    at async obtenerDatosReporteGlobal (C:\Users\SHEILA\Downloads\FireSupport-IA\backend\backend\src\controllers\reportesController.js:22:26)
    at async obtenerReporteGlobal (C:\Users\SHEILA\Downloads\FireSupport-IA\backend\backend\src\controllers\reportesController.js:65:21) {
  name: 'SequelizeDatabaseError',
  parent: Error: write ECONNRESET
      at WriteWrap.onWriteComplete [as oncomplete] (node:internal/stream_base_commons:87:19)
      at handleWriteReq (node:internal/stream_base_commons:52:26)
      at writeGeneric (node:internal/stream_base_commons:148:15)
      at Socket._writeGeneric (node:net:966:11)
      at Socket._write (node:net:978:8)
      at writeOrBuffer (node:internal/streams/writable:572:12)
      at _write (node:internal/streams/writable:501:10)
      at Writable.write (node:internal/streams/writable:510:10)
      at Connection.write (C:\Users\SHEILA\Downloads\FireSupport-IA\backend\backend\node_modules\mysql2\lib\base\connection.js:300:32)
      at Connection.writePacket (C:\Users\SHEILA\Downloads\FireSupport-IA\backend\backend\node_modules\mysql2\lib\base\connection.js:347:12)
      at Query.start (C:\Users\SHEILA\Downloads\FireSupport-IA\backend\backend\node_modules\mysql2\lib\commands\query.js:64:16)
      at Query.execute (C:\Users\SHEILA\Downloads\FireSupport-IA\backend\backend\node_modules\mysql2\lib\commands\command.js:45:22)
      at Connection.handlePacket (C:\Users\SHEILA\Downloads\FireSupport-IA\backend\backend\node_modules\mysql2\lib\base\connection.js:552:34)
      at Connection.addCommand (C:\Users\SHEILA\Downloads\FireSupport-IA\backend\backend\node_modules\mysql2\lib\base\connection.js:577:12)
      at C:\Users\SHEILA\Downloads\FireSupport-IA\backend\backend\node_modules\mysql2\lib\base\connection.js:655:16
      at traceCallback (C:\Users\SHEILA\Downloads\FireSupport-IA\backend\backend\node_modules\mysql2\lib\tracing.js:59:13) {
    errno: -4077,
    code: 'ECONNRESET',
    syscall: 'write',
    fatal: true,
    sql: 'SELECT count(*) AS `count` FROM `companias` AS `Compania`;',
    parameters: undefined
  },
  original: Error: write ECONNRESET
      at WriteWrap.onWriteComplete [as oncomplete] (node:internal/stream_base_commons:87:19)
      at handleWriteReq (node:internal/stream_base_commons:52:26)
      at writeGeneric (node:internal/stream_base_commons:148:15)
      at Socket._writeGeneric (node:net:966:11)
      at Socket._write (node:net:978:8)
      at writeOrBuffer (node:internal/streams/writable:572:12)
      at _write (node:internal/streams/writable:501:10)
      at Writable.write (node:internal/streams/writable:510:10)
      at Connection.write (C:\Users\SHEILA\Downloads\FireSupport-IA\backend\backend\node_modules\mysql2\lib\base\connection.js:300:32)
      at Connection.writePacket (C:\Users\SHEILA\Downloads\FireSupport-IA\backend\backend\node_modules\mysql2\lib\base\connection.js:347:12)
      at Query.start (C:\Users\SHEILA\Downloads\FireSupport-IA\backend\backend\node_modules\mysql2\lib\commands\query.js:64:16)
      at Query.execute (C:\Users\SHEILA\Downloads\FireSupport-IA\backend\backend\node_modules\mysql2\lib\commands\command.js:45:22)
      at Connection.handlePacket (C:\Users\SHEILA\Downloads\FireSupport-IA\backend\backend\node_modules\mysql2\lib\base\connection.js:552:34)
      at Connection.addCommand (C:\Users\SHEILA\Downloads\FireSupport-IA\backend\backend\node_modules\mysql2\lib\base\connection.js:577:12)
      at C:\Users\SHEILA\Downloads\FireSupport-IA\backend\backend\node_modules\mysql2\lib\base\connection.js:655:16
      at traceCallback (C:\Users\SHEILA\Downloads\FireSupport-IA\backend\backend\node_modules\mysql2\lib\tracing.js:59:13) {
    errno: -4077,
    code: 'ECONNRESET',
    syscall: 'write',
    fatal: true,
    sql: 'SELECT count(*) AS `count` FROM `companias` AS `Compania`;',
    parameters: undefined
  },
  sql: 'SELECT count(*) AS `count` FROM `companias` AS `Compania`;',
  parameters: {}
}
❌ Error generando reporte global: HostNotFoundError [SequelizeHostNotFoundError]: getaddrinfo ENOTFOUND mysql-20e393fa-tecsup-1158.a.aivencloud.com
    at ConnectionManager.connect (C:\Users\SHEILA\Downloads\FireSupport-IA\backend\backend\node_modules\sequelize\lib\dialects\mysql\connection-manager.js:96:17)
    at process.processTicksAndRejections (node:internal/process/task_queues:105:5)
    at async ConnectionManager._connect (C:\Users\SHEILA\Downloads\FireSupport-IA\backend\backend\node_modules\sequelize\lib\dialects\abstract\connection-manager.js:222:24) {
  parent: Error: getaddrinfo ENOTFOUND mysql-20e393fa-tecsup-1158.a.aivencloud.com
      at GetAddrInfoReqWrap.onlookupall [as oncomplete] (node:dns:122:26) {
    errno: -3008,
    code: 'ENOTFOUND',
    syscall: 'getaddrinfo',
    hostname: 'mysql-20e393fa-tecsup-1158.a.aivencloud.com',
    fatal: true
  },
  original: Error: getaddrinfo ENOTFOUND mysql-20e393fa-tecsup-1158.a.aivencloud.com
      at GetAddrInfoReqWrap.onlookupall [as oncomplete] (node:dns:122:26) {
    errno: -3008,
    code: 'ENOTFOUND',
    syscall: 'getaddrinfo',
    hostname: 'mysql-20e393fa-tecsup-1158.a.aivencloud.com',
    fatal: true
  }
}
❌ Error generando reporte global: HostNotFoundError [SequelizeHostNotFoundError]: getaddrinfo ENOTFOUND mysql-20e393fa-tecsup-1158.a.aivencloud.com
    at ConnectionManager.connect (C:\Users\SHEILA\Downloads\FireSupport-IA\backend\backend\node_modules\sequelize\lib\dialects\mysql\connection-manager.js:96:17)
    at process.processTicksAndRejections (node:internal/process/task_queues:105:5)
    at async ConnectionManager._connect (C:\Users\SHEILA\Downloads\FireSupport-IA\backend\backend\node_modules\sequelize\lib\dialects\abstract\connection-manager.js:222:24) {
  parent: Error: getaddrinfo ENOTFOUND mysql-20e393fa-tecsup-1158.a.aivencloud.com
      at GetAddrInfoReqWrap.onlookupall [as oncomplete] (node:dns:122:26) {
    errno: -3008,
    code: 'ENOTFOUND',
    syscall: 'getaddrinfo',
    hostname: 'mysql-20e393fa-tecsup-1158.a.aivencloud.com',
    fatal: true
  },
  original: Error: getaddrinfo ENOTFOUND mysql-20e393fa-tecsup-1158.a.aivencloud.com
      at GetAddrInfoReqWrap.onlookupall [as oncomplete] (node:dns:122:26) {
    errno: -3008,
    code: 'ENOTFOUND',
    syscall: 'getaddrinfo',
    hostname: 'mysql-20e393fa-tecsup-1158.a.aivencloud.com',
    fatal: true
  }
}
❌ Error al obtener solicitudes
HostNotFoundError [SequelizeHostNotFoundError]: getaddrinfo ENOTFOUND mysql-20e393fa-tecsup-1158.a.aivencloud.com
    at ConnectionManager.connect (C:\Users\SHEILA\Downloads\FireSupport-IA\backend\backend\node_modules\sequelize\lib\dialects\mysql\connection-manager.js:96:17)
    at process.processTicksAndRejections (node:internal/process/task_queues:105:5)
    at async ConnectionManager._connect (C:\Users\SHEILA\Downloads\FireSupport-IA\backend\backend\node_modules\sequelize\lib\dialects\abstract\connection-manager.js:222:24) {
  parent: Error: getaddrinfo ENOTFOUND mysql-20e393fa-tecsup-1158.a.aivencloud.com
      at GetAddrInfoReqWrap.onlookupall [as oncomplete] (node:dns:122:26) {
    errno: -3008,
    code: 'ENOTFOUND',
    syscall: 'getaddrinfo',
    hostname: 'mysql-20e393fa-tecsup-1158.a.aivencloud.com',
    fatal: true
  },
  original: Error: getaddrinfo ENOTFOUND mysql-20e393fa-tecsup-1158.a.aivencloud.com
      at GetAddrInfoReqWrap.onlookupall [as oncomplete] (node:dns:122:26) {
    errno: -3008,
    code: 'ENOTFOUND',
    syscall: 'getaddrinfo',
    hostname: 'mysql-20e393fa-tecsup-1158.a.aivencloud.com',
    fatal: true
  }
}
❌ Error generando reporte global: HostNotFoundError [SequelizeHostNotFoundError]: getaddrinfo ENOTFOUND mysql-20e393fa-tecsup-1158.a.aivencloud.com
    at ConnectionManager.connect (C:\Users\SHEILA\Downloads\FireSupport-IA\backend\backend\node_modules\sequelize\lib\dialects\mysql\connection-manager.js:96:17)
    at process.processTicksAndRejections (node:internal/process/task_queues:105:5)
    at async ConnectionManager._connect (C:\Users\SHEILA\Downloads\FireSupport-IA\backend\backend\node_modules\sequelize\lib\dialects\abstract\connection-manager.js:222:24) {
  parent: Error: getaddrinfo ENOTFOUND mysql-20e393fa-tecsup-1158.a.aivencloud.com
      at GetAddrInfoReqWrap.onlookupall [as oncomplete] (node:dns:122:26) {
    errno: -3008,
    code: 'ENOTFOUND',
    syscall: 'getaddrinfo',
    hostname: 'mysql-20e393fa-tecsup-1158.a.aivencloud.com',
    fatal: true
  },
  original: Error: getaddrinfo ENOTFOUND mysql-20e393fa-tecsup-1158.a.aivencloud.com
      at GetAddrInfoReqWrap.onlookupall [as oncomplete] (node:dns:122:26) {
    errno: -3008,
    code: 'ENOTFOUND',
    syscall: 'getaddrinfo',
    hostname: 'mysql-20e393fa-tecsup-1158.a.aivencloud.com',
    fatal: true
  }
}
❌ Error al obtener solicitudes
HostNotFoundError [SequelizeHostNotFoundError]: getaddrinfo ENOTFOUND mysql-20e393fa-tecsup-1158.a.aivencloud.com
    at ConnectionManager.connect (C:\Users\SHEILA\Downloads\FireSupport-IA\backend\backend\node_modules\sequelize\lib\dialects\mysql\connection-manager.js:96:17)
    at process.processTicksAndRejections (node:internal/process/task_queues:105:5)
    at async ConnectionManager._connect (C:\Users\SHEILA\Downloads\FireSupport-IA\backend\backend\node_modules\sequelize\lib\dialects\abstract\connection-manager.js:222:24) {
  parent: Error: getaddrinfo ENOTFOUND mysql-20e393fa-tecsup-1158.a.aivencloud.com
      at GetAddrInfoReqWrap.onlookupall [as oncomplete] (node:dns:122:26) {
    errno: -3008,
    code: 'ENOTFOUND',
    syscall: 'getaddrinfo',
    hostname: 'mysql-20e393fa-tecsup-1158.a.aivencloud.com',
    fatal: true
  },
  original: Error: getaddrinfo ENOTFOUND mysql-20e393fa-tecsup-1158.a.aivencloud.com
      at GetAddrInfoReqWrap.onlookupall [as oncomplete] (node:dns:122:26) {
    errno: -3008,
    code: 'ENOTFOUND',
    syscall: 'getaddrinfo',
    hostname: 'mysql-20e393fa-tecsup-1158.a.aivencloud.com',
    fatal: true
  }
}
