[2m2:55:17 p. m.[22m [33m[1m[vite][22m[39m [33m[2m(client)[22m[39m [2m[console.warn] [22mTHREE.Clock: This module has been deprecated. Please use THREE.Timer instead.
[2m2:55:18 p. m.[22m [31m[1m[vite][22m[39m [31m[2m(client)[22m[39m [31m[Unhandled error] [1mError[22m: Could not load /models/bombero.glb: Unexpected end of JSON input
[39m > node_modules/@react-three/fiber/dist/events-b389eeca.esm.js:1267:35
 > _onError node_modules/three-stdlib/loaders/GLTFLoader.js:82:8
 > Object.onLoad node_modules/three-stdlib/loaders/GLTFLoader.js:108:10
 > node_modules/three/build/three.core.js:44303:37

[2m2:55:18 p. m.[22m [31m[1m[vite][22m[39m [31m[2m(client)[22m[39m [2m[console.error] [22mError: Could not load /models/bombero.glb: Unexpected end of JSON input
    at http://127.0.0.1:5173/node_modules/.vite/deps/react-three-fiber.esm-ED09I1wq.js?v=bcb9548a:1205:52
    at _onError (http://127.0.0.1:5173/node_modules/.vite/deps/@react-three_drei.js?v=c8599d51:16604:17)
    at Object.onLoad (http://127.0.0.1:5173/node_modules/.vite/deps/@react-three_drei.js?v=c8599d51:16621:5)
    at http://127.0.0.1:5173/node_modules/.vite/deps/three.module-cLrRfqXO.js?v=bcb9548a:30973:35

The above error occurred in the <CanvasImpl> component.

React will try to recreate this component tree from scratch using the error boundary you provided, ModelErrorBoundary.

[2m2:58:10 p. m.[22m [33m[1m[vite][22m[39m [33m[2m(client)[22m[39m [2m[console.warn] [22mTHREE.Clock: This module has been deprecated. Please use THREE.Timer instead.
[2m2:58:12 p. m.[22m [31m[1m[vite][22m[39m [31m[2m(client)[22m[39m [31m[Unhandled error] [1mError[22m: Could not load /models/bombero.glb: Unexpected end of JSON input
[39m > node_modules/@react-three/fiber/dist/events-b389eeca.esm.js:1267:35
 > _onError node_modules/three-stdlib/loaders/GLTFLoader.js:82:8
 > Object.onLoad node_modules/three-stdlib/loaders/GLTFLoader.js:108:10
 > node_modules/three/build/three.core.js:44303:37

[2m2:58:12 p. m.[22m [31m[1m[vite][22m[39m [31m[2m(client)[22m[39m [2m[console.error] [22mError: Could not load /models/bombero.glb: Unexpected end of JSON input
    at http://127.0.0.1:5173/node_modules/.vite/deps/react-three-fiber.esm-ED09I1wq.js?v=bcb9548a:1205:52
    at _onError (http://127.0.0.1:5173/node_modules/.vite/deps/@react-three_drei.js?v=c8599d51:16604:17)
    at Object.onLoad (http://127.0.0.1:5173/node_modules/.vite/deps/@react-three_drei.js?v=c8599d51:16621:5)
    at http://127.0.0.1:5173/node_modules/.vite/deps/three.module-cLrRfqXO.js?v=bcb9548a:30973:35

The above error occurred in the <CanvasImpl> component.

React will try to recreate this component tree from scratch using the error boundary you provided, ModelErrorBoundary.

[2m3:31:06 p. m.[22m [31m[1m[vite][22m[39m [31m[2m(client)[22m[39m [2m[console.error] [22mNo se pudo cargar GET /api/admin/reports/global AxiosError: Request failed with status code 500
    at settle (http://localhost:5173/node_modules/.vite/deps/axios.js?v=0be583a5:1725:14)
    at XMLHttpRequest.onloadend (http://localhost:5173/node_modules/.vite/deps/axios.js?v=0be583a5:2077:4)
    at Axios$1.request (http://localhost:5173/node_modules/.vite/deps/axios.js?v=0be583a5:2780:37)
    at async Promise.allSettled (index 0)
    at async cargarDashboard (http://localhost:5173/src/pages/admin/AdminDashboard.jsx?t=1783368641132:325:52)
[2m3:31:06 p. m.[22m [31m[1m[vite][22m[39m [31m[2m(client)[22m[39m [2m[console.error] [22mNo se pudo cargar GET /api/companies/requests AxiosError: Request failed with status code 500
    at settle (http://localhost:5173/node_modules/.vite/deps/axios.js?v=0be583a5:1725:14)
    at XMLHttpRequest.onloadend (http://localhost:5173/node_modules/.vite/deps/axios.js?v=0be583a5:2077:4)
    at Axios$1.request (http://localhost:5173/node_modules/.vite/deps/axios.js?v=0be583a5:2780:37)
    at async Promise.allSettled (index 1)
    at async cargarDashboard (http://localhost:5173/src/pages/admin/AdminDashboard.jsx?t=1783368641132:325:52)
